TN:
SF:C:\RabobankFE\src\polyfills.ts
FNF:0
FNH:0
LF:0
LH:0
BRF:0
BRH:0
end_of_record
TN:
SF:C:\RabobankFE\src\test.ts
FNF:0
FNH:0
DA:13,1
DA:18,1
DA:20,1
LF:3
LH:3
BRF:0
BRH:0
end_of_record
TN:
SF:C:\RabobankFE\src\app\importcsvfile\importcsvfile.component.ts
FN:9,(anonymous_0)
FN:16,ImportcsvfileComponent
FN:18,(anonymous_2)
FN:22,(anonymous_3)
FN:28,(anonymous_4)
FN:40,(anonymous_5)
FN:50,(anonymous_6)
FN:58,(anonymous_7)
FN:70,(anonymous_8)
FNF:9
FNH:7
FNDA:1,(anonymous_0)
FNDA:3,ImportcsvfileComponent
FNDA:3,(anonymous_2)
FNDA:1,(anonymous_3)
FNDA:0,(anonymous_4)
FNDA:0,(anonymous_5)
FNDA:1,(anonymous_6)
FNDA:2,(anonymous_7)
FNDA:2,(anonymous_8)
DA:9,1
DA:10,1
DA:11,3
DA:13,3
DA:18,1
DA:22,1
DA:23,1
DA:24,1
DA:25,0
DA:26,0
DA:27,0
DA:28,0
DA:29,0
DA:30,0
DA:33,0
DA:34,0
DA:35,0
DA:36,0
DA:37,0
DA:40,0
DA:41,0
DA:44,1
DA:45,1
DA:46,1
DA:50,1
DA:55,1
DA:56,1
DA:57,1
DA:58,1
DA:60,2
DA:62,1
DA:63,1
DA:64,3
DA:65,3
DA:70,1
DA:71,2
DA:72,2
DA:73,2
DA:74,2
DA:77,0
DA:80,1
LF:41
LH:27
BRDA:24,0,0,0
BRDA:24,0,1,1
BRDA:71,1,0,0
BRDA:71,1,1,2
BRDA:73,2,0,2
BRDA:73,2,1,0
BRDA:74,3,0,0
BRDA:74,3,1,2
BRF:8
BRH:4
end_of_record
